<?xml version="1.0" encoding="UTF-8"?>
<!-- Generated by org.testng.reporters.JUnitReportReporter -->
<testsuite skipped="0" hostname="DESKTOP-L5FLRLQ" name="RestAssured_16_7_21.ParsingComplexJson" tests="1" failures="0" timestamp="2021-07-19T15:33:25 IST" time="5.909" errors="0">
  <testcase name="parseComplexJson" time="5.909" classname="RestAssured_16_7_21.ParsingComplexJson"/>
  <system-out/>
</testsuite> <!-- RestAssured_16_7_21.ParsingComplexJson -->
