<?xml version="1.0" encoding="UTF-8"?>
<!-- Generated by org.testng.reporters.JUnitReportReporter -->
<testsuite skipped="0" hostname="DESKTOP-L5FLRLQ" name="RestAssured_16_7_21.Basics" tests="1" failures="0" timestamp="2021-07-16T20:52:31 IST" time="30.459" errors="0">
  <testcase name="basicMethod" time="30.459" classname="RestAssured_16_7_21.Basics"/>
  <system-out/>
</testsuite> <!-- RestAssured_16_7_21.Basics -->
