<?xml version="1.0" encoding="UTF-8"?>
<!-- Generated by org.testng.reporters.JUnitReportReporter -->
<testsuite skipped="0" hostname="DESKTOP-L5FLRLQ" name="RestAssured_16_7_21.DynamicJson" tests="3" failures="0" timestamp="2021-07-19T21:18:16 IST" time="5.755" errors="0">
  <testcase name="addBook" time="0.305" classname="RestAssured_16_7_21.DynamicJson"/>
  <system-out/>
  <testcase name="addBook" time="0.317" classname="RestAssured_16_7_21.DynamicJson"/>
  <system-out/>
  <testcase name="addBook" time="5.133" classname="RestAssured_16_7_21.DynamicJson"/>
  <system-out/>
</testsuite> <!-- RestAssured_16_7_21.DynamicJson -->
