<?xml version="1.0" encoding="UTF-8"?>
<!-- Generated by org.testng.reporters.JUnitReportReporter -->
<testsuite skipped="0" hostname="DESKTOP-L5FLRLQ" name="RestAssured_16_7_21.DynamicJson_2" tests="1" failures="0" timestamp="2021-07-21T19:45:31 IST" time="4.777" errors="0">
  <testcase name="addBook" time="4.777" classname="RestAssured_16_7_21.DynamicJson_2"/>
  <system-out/>
</testsuite> <!-- RestAssured_16_7_21.DynamicJson_2 -->
